# JRE version: Java(TM) SE Runtime Environment (7.0_79-b15) (build 1.7.0_79-b15)
# Java VM: Java HotSpot(TM) 64-Bit Server VM (24.79-b02 mixed mode bsd-amd64 compressed oops)
Heap
 PSYoungGen      total 233472K, used 65002K [0x000000013cf80000, 0x0000000152500000, 0x0000000152500000)
  eden space 117248K, 0% used [0x000000013cf80000,0x000000013cf80000,0x0000000144200000)
  from space 116224K, 55% used [0x0000000144200000,0x000000014817a9e8,0x000000014b380000)
  to   space 116224K, 0% used [0x000000014b380000,0x000000014b380000,0x0000000152500000)
 ParOldGen       total 698880K, used 672633K [0x0000000112500000, 0x000000013cf80000, 0x000000013cf80000)
  object space 698880K, 96% used [0x0000000112500000,0x000000013b5de460,0x000000013cf80000)
 PSPermGen       total 21504K, used 5936K [0x000000010d300000, 0x000000010e800000, 0x0000000112500000)
  object space 21504K, 27% used [0x000000010d300000,0x000000010d8cc150,0x000000010e800000)
GC Heap History (10 events):
Event: 34.232 GC heap after
Heap after GC invocations=42 (full 5):
 PSYoungGen      total 229888K, used 60032K [0x000000013cf80000, 0x0000000152180000, 0x0000000152500000)
  eden space 119808K, 0% used [0x000000013cf80000,0x000000013cf80000,0x0000000144480000)
  from space 110080K, 54% used [0x0000000144480000,0x0000000147f203d0,0x000000014b000000)
  to   space 109568K, 0% used [0x000000014b680000,0x000000014b680000,0x0000000152180000)
 ParOldGen       total 698880K, used 642833K [0x0000000112500000, 0x000000013cf80000, 0x000000013cf80000)
  object space 698880K, 91% used [0x0000000112500000,0x00000001398c47e8,0x000000013cf80000)
 PSPermGen       total 21504K, used 5936K [0x000000010d300000, 0x000000010e800000, 0x0000000112500000)
  object space 21504K, 27% used [0x000000010d300000,0x000000010d8cc150,0x000000010e800000)
}
Event: 34.647 GC heap before
{Heap before GC invocations=43 (full 5):
 PSYoungGen      total 229888K, used 179840K [0x000000013cf80000, 0x0000000152180000, 0x0000000152500000)
  eden space 119808K, 100% used [0x000000013cf80000,0x0000000144480000,0x0000000144480000)
  from space 110080K, 54% used [0x0000000144480000,0x0000000147f203d0,0x000000014b000000)
  to   space 109568K, 0% used [0x000000014b680000,0x000000014b680000,0x0000000152180000)
 ParOldGen       total 698880K, used 642833K [0x0000000112500000, 0x000000013cf80000, 0x000000013cf80000)
  object space 698880K, 91% used [0x0000000112500000,0x00000001398c47e8,0x000000013cf80000)
 PSPermGen       total 21504K, used 5936K [0x000000010d300000, 0x000000010e800000, 0x0000000112500000)
  object space 21504K, 27% used [0x000000010d300000,0x000000010d8cc150,0x000000010e800000)
Event: 34.696 GC heap after
Heap after GC invocations=43 (full 5):
 PSYoungGen      total 233984K, used 69028K [0x000000013cf80000, 0x0000000152500000, 0x0000000152500000)
  eden space 124416K, 0% used [0x000000013cf80000,0x000000013cf80000,0x0000000144900000)
  from space 109568K, 63% used [0x000000014b680000,0x000000014f9e9258,0x0000000152180000)
  to   space 112128K, 0% used [0x0000000144900000,0x0000000144900000,0x000000014b680000)
 ParOldGen       total 698880K, used 642833K [0x0000000112500000, 0x000000013cf80000, 0x000000013cf80000)
  object space 698880K, 91% used [0x0000000112500000,0x00000001398c47e8,0x000000013cf80000)
 PSPermGen       total 21504K, used 5936K [0x000000010d300000, 0x000000010e800000, 0x0000000112500000)
  object space 21504K, 27% used [0x000000010d300000,0x000000010d8cc150,0x000000010e800000)
}
Event: 35.150 GC heap before
{Heap before GC invocations=44 (full 5):
 PSYoungGen      total 233984K, used 193444K [0x000000013cf80000, 0x0000000152500000, 0x0000000152500000)
  eden space 124416K, 100% used [0x000000013cf80000,0x0000000144900000,0x0000000144900000)
  from space 109568K, 63% used [0x000000014b680000,0x000000014f9e9258,0x0000000152180000)
  to   space 112128K, 0% used [0x0000000144900000,0x0000000144900000,0x000000014b680000)
 ParOldGen       total 698880K, used 642833K [0x0000000112500000, 0x000000013cf80000, 0x000000013cf80000)
  object space 698880K, 91% used [0x0000000112500000,0x00000001398c47e8,0x000000013cf80000)
 PSPermGen       total 21504K, used 5936K [0x000000010d300000, 0x000000010e800000, 0x0000000112500000)
  object space 21504K, 27% used [0x000000010d300000,0x000000010d8cc150,0x000000010e800000)
Event: 35.210 GC heap after
Heap after GC invocations=44 (full 5):
 PSYoungGen      total 204288K, used 79533K [0x000000013cf80000, 0x0000000152500000, 0x0000000152500000)
  eden space 124416K, 0% used [0x000000013cf80000,0x000000013cf80000,0x0000000144900000)
  from space 79872K, 99% used [0x0000000144900000,0x00000001496ab728,0x0000000149700000)
  to   space 116224K, 0% used [0x000000014b380000,0x000000014b380000,0x0000000152500000)
 ParOldGen       total 698880K, used 642833K [0x0000000112500000, 0x000000013cf80000, 0x000000013cf80000)
  object space 698880K, 91% used [0x0000000112500000,0x00000001398c47e8,0x000000013cf80000)
 PSPermGen       total 21504K, used 5936K [0x000000010d300000, 0x000000010e800000, 0x0000000112500000)
  object space 21504K, 27% used [0x000000010d300000,0x000000010d8cc150,0x000000010e800000)
}
Event: 35.616 GC heap before
{Heap before GC invocations=45 (full 5):
 PSYoungGen      total 204288K, used 203949K [0x000000013cf80000, 0x0000000152500000, 0x0000000152500000)
  eden space 124416K, 100% used [0x000000013cf80000,0x0000000144900000,0x0000000144900000)
  from space 79872K, 99% used [0x0000000144900000,0x00000001496ab728,0x0000000149700000)
  to   space 116224K, 0% used [0x000000014b380000,0x000000014b380000,0x0000000152500000)
 ParOldGen       total 698880K, used 642833K [0x0000000112500000, 0x000000013cf80000, 0x000000013cf80000)
  object space 698880K, 91% used [0x0000000112500000,0x00000001398c47e8,0x000000013cf80000)
 PSPermGen       total 21504K, used 5936K [0x000000010d300000, 0x000000010e800000, 0x0000000112500000)
  object space 21504K, 27% used [0x000000010d300000,0x000000010d8cc150,0x000000010e800000)
Event: 35.686 GC heap after
Heap after GC invocations=45 (full 5):
 PSYoungGen      total 233472K, used 73888K [0x000000013cf80000, 0x0000000152500000, 0x0000000152500000)
  eden space 117248K, 0% used [0x000000013cf80000,0x000000013cf80000,0x0000000144200000)
  from space 116224K, 63% used [0x000000014b380000,0x000000014fba8228,0x0000000152500000)
  to   space 116224K, 0% used [0x0000000144200000,0x0000000144200000,0x000000014b380000)
 ParOldGen       total 698880K, used 656300K [0x0000000112500000, 0x000000013cf80000, 0x000000013cf80000)
  object space 698880K, 93% used [0x0000000112500000,0x000000013a5eb100,0x000000013cf80000)
 PSPermGen       total 21504K, used 5936K [0x000000010d300000, 0x000000010e800000, 0x0000000112500000)
  object space 21504K, 27% used [0x000000010d300000,0x000000010d8cc150,0x000000010e800000)
}
Event: 36.155 GC heap before
{Heap before GC invocations=46 (full 5):
 PSYoungGen      total 233472K, used 191136K [0x000000013cf80000, 0x0000000152500000, 0x0000000152500000)
  eden space 117248K, 100% used [0x000000013cf80000,0x0000000144200000,0x0000000144200000)
  from space 116224K, 63% used [0x000000014b380000,0x000000014fba8228,0x0000000152500000)
  to   space 116224K, 0% used [0x0000000144200000,0x0000000144200000,0x000000014b380000)
 ParOldGen       total 698880K, used 656300K [0x0000000112500000, 0x000000013cf80000, 0x000000013cf80000)
  object space 698880K, 93% used [0x0000000112500000,0x000000013a5eb100,0x000000013cf80000)
 PSPermGen       total 21504K, used 5936K [0x000000010d300000, 0x000000010e800000, 0x0000000112500000)
  object space 21504K, 27% used [0x000000010d300000,0x000000010d8cc150,0x000000010e800000)
Event: 36.219 GC heap after
Heap after GC invocations=46 (full 5):
 PSYoungGen      total 233472K, used 65002K [0x000000013cf80000, 0x0000000152500000, 0x0000000152500000)
  eden space 117248K, 0% used [0x000000013cf80000,0x000000013cf80000,0x0000000144200000)
  from space 116224K, 55% used [0x0000000144200000,0x000000014817a9e8,0x000000014b380000)
  to   space 116224K, 0% used [0x000000014b380000,0x000000014b380000,0x0000000152500000)
 ParOldGen       total 698880K, used 672633K [0x0000000112500000, 0x000000013cf80000, 0x000000013cf80000)
  object space 698880K, 96% used [0x0000000112500000,0x000000013b5de460,0x000000013cf80000)
 PSPermGen       total 21504K, used 5936K [0x000000010d300000, 0x000000010e800000, 0x0000000112500000)
  object space 21504K, 27% used [0x000000010d300000,0x000000010d8cc150,0x000000010e800000)
}
Event: 36.219 GC heap before
{Heap before GC invocations=47 (full 6):
 PSYoungGen      total 233472K, used 65002K [0x000000013cf80000, 0x0000000152500000, 0x0000000152500000)
  eden space 117248K, 0% used [0x000000013cf80000,0x000000013cf80000,0x0000000144200000)
  from space 116224K, 55% used [0x0000000144200000,0x000000014817a9e8,0x000000014b380000)
  to   space 116224K, 0% used [0x000000014b380000,0x000000014b380000,0x0000000152500000)
 ParOldGen       total 698880K, used 672633K [0x0000000112500000, 0x000000013cf80000, 0x000000013cf80000)
  object space 698880K, 96% used [0x0000000112500000,0x000000013b5de460,0x000000013cf80000)
 PSPermGen       total 21504K, used 5936K [0x000000010d300000, 0x000000010e800000, 0x0000000112500000)
  object space 21504K, 27% used [0x000000010d300000,0x000000010d8cc150,0x000000010e800000)

